<?xml version="1.0" encoding="UTF-8"?>
<!-- Generated by org.testng.reporters.JUnitReportReporter -->
<testsuite hostname="LAPTOP-VR62MACH" failures="0" tests="3" name="com.sgtesting.tests.testcases.Users" time="0.008" errors="0" timestamp="2022-11-10T10:01:24 IST" skipped="0">
  <testcase classname="com.sgtesting.tests.testcases.Users" name="createUser" time="0.005"/>
  <system-out/>
  <testcase classname="com.sgtesting.tests.testcases.Users" name="modifyUser" time="0.001"/>
  <system-out/>
  <testcase classname="com.sgtesting.tests.testcases.Users" name="deleteUser" time="0.002"/>
  <system-out/>
</testsuite> <!-- com.sgtesting.tests.testcases.Users -->
